Log file for C2-Ray run
 Running on processor named apollon                                                                                             
  Number of OpenMP threads is            1
 screen input or file input?
 reading input from inputs/J1148A.in
 The inner radius is    0.0000000000000000       cm
 The outer radius is    9.2570330355833242E+025  cm
 Test problem            4
 redshift =    6.4188999999999998     
 Clumping factor =    1.0000000000000000     
 Initial temperature =    7000.0000000000000     
 Isothermal? (y/n): n
 Ionizing background of HI (s^-1):   1.0000000000000000E-013
 Ionizing background of HeI (s^-1):   1.0000000000000000E-013
 Ionizing background of HeII (s^-1):   0.0000000000000000     
 Power law source
 Rate of ionizing photons is specified
 The rate is    1.5000000000000001E+058
 Power law index is    2.7999999999999998     
 The lower energy limit is    13.600000000000000       eV
 The upper energy limit is    5440.0000000000000       eV

Using a power law source with
 power law index =  2.800E+00
 efficiency parameter =  1.000E+00
 Number of photons in band 1:  9.83512E+57 s^-1


 Number of photons in band 2:  3.92909E+57 s^-1


 Number of photons in band 3:  1.23590E+57 s^-1


 Total number of ionizing photons:  1.50001E+58s^-1


 End time is    2150000.0000000000       years
 Number of time steps is         1000
 Time between output is    2150.0000000000000       years
 CPU time:            0  hours           0  minutes   10.4019318      seconds.
 Wall clock time:            0  hours           0  minutes   10.4414129      seconds.
Time, dt: 0.000E+00  2.150E+03  (years)
Time, dt: 2.150E+03  2.150E+03  (years)
Time, dt: 4.300E+03  2.150E+03  (years)
Time, dt: 6.450E+03  2.150E+03  (years)
Time, dt: 8.600E+03  2.150E+03  (years)
Time, dt: 1.075E+04  2.150E+03  (years)
Time, dt: 1.290E+04  2.150E+03  (years)
Time, dt: 1.505E+04  2.150E+03  (years)
Time, dt: 1.720E+04  2.150E+03  (years)
Time, dt: 1.935E+04  2.150E+03  (years)
Time, dt: 2.150E+04  2.150E+03  (years)
Time, dt: 2.365E+04  2.150E+03  (years)
Time, dt: 2.580E+04  2.150E+03  (years)
Time, dt: 2.795E+04  2.150E+03  (years)
Time, dt: 3.010E+04  2.150E+03  (years)
Time, dt: 3.225E+04  2.150E+03  (years)
Time, dt: 3.440E+04  2.150E+03  (years)
Time, dt: 3.655E+04  2.150E+03  (years)
Time, dt: 3.870E+04  2.150E+03  (years)
Time, dt: 4.085E+04  2.150E+03  (years)
Time, dt: 4.300E+04  2.150E+03  (years)
Time, dt: 4.515E+04  2.150E+03  (years)
Time, dt: 4.730E+04  2.150E+03  (years)
Time, dt: 4.945E+04  2.150E+03  (years)
Time, dt: 5.160E+04  2.150E+03  (years)
Time, dt: 5.375E+04  2.150E+03  (years)
Time, dt: 5.590E+04  2.150E+03  (years)
Time, dt: 5.805E+04  2.150E+03  (years)
Time, dt: 6.020E+04  2.150E+03  (years)
Time, dt: 6.235E+04  2.150E+03  (years)
Time, dt: 6.450E+04  2.150E+03  (years)
Time, dt: 6.665E+04  2.150E+03  (years)
Time, dt: 6.880E+04  2.150E+03  (years)
Time, dt: 7.095E+04  2.150E+03  (years)
Time, dt: 7.310E+04  2.150E+03  (years)
Time, dt: 7.525E+04  2.150E+03  (years)
Time, dt: 7.740E+04  2.150E+03  (years)
Time, dt: 7.955E+04  2.150E+03  (years)
Time, dt: 8.170E+04  2.150E+03  (years)
Time, dt: 8.385E+04  2.150E+03  (years)
Time, dt: 8.600E+04  2.150E+03  (years)
Time, dt: 8.815E+04  2.150E+03  (years)
Time, dt: 9.030E+04  2.150E+03  (years)
Time, dt: 9.245E+04  2.150E+03  (years)
Time, dt: 9.460E+04  2.150E+03  (years)
Time, dt: 9.675E+04  2.150E+03  (years)
Time, dt: 9.890E+04  2.150E+03  (years)
Time, dt: 1.010E+05  2.150E+03  (years)
Time, dt: 1.032E+05  2.150E+03  (years)
Time, dt: 1.054E+05  2.150E+03  (years)
Time, dt: 1.075E+05  2.150E+03  (years)
Time, dt: 1.096E+05  2.150E+03  (years)
Time, dt: 1.118E+05  2.150E+03  (years)
Time, dt: 1.140E+05  2.150E+03  (years)
Time, dt: 1.161E+05  2.150E+03  (years)
Time, dt: 1.182E+05  2.150E+03  (years)
Time, dt: 1.204E+05  2.150E+03  (years)
Time, dt: 1.226E+05  2.150E+03  (years)
Time, dt: 1.247E+05  2.150E+03  (years)
Time, dt: 1.268E+05  2.150E+03  (years)
Time, dt: 1.290E+05  2.150E+03  (years)
Time, dt: 1.312E+05  2.150E+03  (years)
Time, dt: 1.333E+05  2.150E+03  (years)
Time, dt: 1.354E+05  2.150E+03  (years)
Time, dt: 1.376E+05  2.150E+03  (years)
Time, dt: 1.398E+05  2.150E+03  (years)
Time, dt: 1.419E+05  2.150E+03  (years)
Time, dt: 1.440E+05  2.150E+03  (years)
Time, dt: 1.462E+05  2.150E+03  (years)
Time, dt: 1.484E+05  2.150E+03  (years)
Time, dt: 1.505E+05  2.150E+03  (years)
Time, dt: 1.526E+05  2.150E+03  (years)
Time, dt: 1.548E+05  2.150E+03  (years)
Time, dt: 1.570E+05  2.150E+03  (years)
Time, dt: 1.591E+05  2.150E+03  (years)
Time, dt: 1.612E+05  2.150E+03  (years)
Time, dt: 1.634E+05  2.150E+03  (years)
Time, dt: 1.656E+05  2.150E+03  (years)
Time, dt: 1.677E+05  2.150E+03  (years)
Time, dt: 1.698E+05  2.150E+03  (years)
Time, dt: 1.720E+05  2.150E+03  (years)
Time, dt: 1.742E+05  2.150E+03  (years)
Time, dt: 1.763E+05  2.150E+03  (years)
Time, dt: 1.784E+05  2.150E+03  (years)
Time, dt: 1.806E+05  2.150E+03  (years)
Time, dt: 1.828E+05  2.150E+03  (years)
Time, dt: 1.849E+05  2.150E+03  (years)
Time, dt: 1.870E+05  2.150E+03  (years)
Time, dt: 1.892E+05  2.150E+03  (years)
Time, dt: 1.914E+05  2.150E+03  (years)
Time, dt: 1.935E+05  2.150E+03  (years)
Time, dt: 1.956E+05  2.150E+03  (years)
Time, dt: 1.978E+05  2.150E+03  (years)
Time, dt: 2.000E+05  2.150E+03  (years)
Time, dt: 2.021E+05  2.150E+03  (years)
Time, dt: 2.042E+05  2.150E+03  (years)
Time, dt: 2.064E+05  2.150E+03  (years)
Time, dt: 2.086E+05  2.150E+03  (years)
Time, dt: 2.107E+05  2.150E+03  (years)
Time, dt: 2.128E+05  2.150E+03  (years)
Time, dt: 2.150E+05  2.150E+03  (years)
Time, dt: 2.172E+05  2.150E+03  (years)
Time, dt: 2.193E+05  2.150E+03  (years)
Time, dt: 2.214E+05  2.150E+03  (years)
Time, dt: 2.236E+05  2.150E+03  (years)
Time, dt: 2.258E+05  2.150E+03  (years)
Time, dt: 2.279E+05  2.150E+03  (years)
Time, dt: 2.300E+05  2.150E+03  (years)
Time, dt: 2.322E+05  2.150E+03  (years)
Time, dt: 2.344E+05  2.150E+03  (years)
Time, dt: 2.365E+05  2.150E+03  (years)
Time, dt: 2.386E+05  2.150E+03  (years)
Time, dt: 2.408E+05  2.150E+03  (years)
Time, dt: 2.430E+05  2.150E+03  (years)
Time, dt: 2.451E+05  2.150E+03  (years)
Time, dt: 2.472E+05  2.150E+03  (years)
Time, dt: 2.494E+05  2.150E+03  (years)
Time, dt: 2.516E+05  2.150E+03  (years)
Time, dt: 2.537E+05  2.150E+03  (years)
Time, dt: 2.558E+05  2.150E+03  (years)
Time, dt: 2.580E+05  2.150E+03  (years)
Time, dt: 2.602E+05  2.150E+03  (years)
Time, dt: 2.623E+05  2.150E+03  (years)
Time, dt: 2.644E+05  2.150E+03  (years)
Time, dt: 2.666E+05  2.150E+03  (years)
Time, dt: 2.688E+05  2.150E+03  (years)
Time, dt: 2.709E+05  2.150E+03  (years)
Time, dt: 2.730E+05  2.150E+03  (years)
Time, dt: 2.752E+05  2.150E+03  (years)
Time, dt: 2.774E+05  2.150E+03  (years)
Time, dt: 2.795E+05  2.150E+03  (years)
Time, dt: 2.816E+05  2.150E+03  (years)
Time, dt: 2.838E+05  2.150E+03  (years)
Time, dt: 2.860E+05  2.150E+03  (years)
Time, dt: 2.881E+05  2.150E+03  (years)
Time, dt: 2.902E+05  2.150E+03  (years)
Time, dt: 2.924E+05  2.150E+03  (years)
Time, dt: 2.946E+05  2.150E+03  (years)
Time, dt: 2.967E+05  2.150E+03  (years)
Time, dt: 2.988E+05  2.150E+03  (years)
Time, dt: 3.010E+05  2.150E+03  (years)
Time, dt: 3.032E+05  2.150E+03  (years)
Time, dt: 3.053E+05  2.150E+03  (years)
Time, dt: 3.074E+05  2.150E+03  (years)
Time, dt: 3.096E+05  2.150E+03  (years)
Time, dt: 3.118E+05  2.150E+03  (years)
Time, dt: 3.139E+05  2.150E+03  (years)
Time, dt: 3.160E+05  2.150E+03  (years)
Time, dt: 3.182E+05  2.150E+03  (years)
Time, dt: 3.204E+05  2.150E+03  (years)
Time, dt: 3.225E+05  2.150E+03  (years)
Time, dt: 3.246E+05  2.150E+03  (years)
Time, dt: 3.268E+05  2.150E+03  (years)
Time, dt: 3.290E+05  2.150E+03  (years)
Time, dt: 3.311E+05  2.150E+03  (years)
Time, dt: 3.332E+05  2.150E+03  (years)
Time, dt: 3.354E+05  2.150E+03  (years)
Time, dt: 3.376E+05  2.150E+03  (years)
Time, dt: 3.397E+05  2.150E+03  (years)
Time, dt: 3.418E+05  2.150E+03  (years)
Time, dt: 3.440E+05  2.150E+03  (years)
Time, dt: 3.462E+05  2.150E+03  (years)
Time, dt: 3.483E+05  2.150E+03  (years)
Time, dt: 3.504E+05  2.150E+03  (years)
Time, dt: 3.526E+05  2.150E+03  (years)
Time, dt: 3.548E+05  2.150E+03  (years)
Time, dt: 3.569E+05  2.150E+03  (years)
Time, dt: 3.590E+05  2.150E+03  (years)
Time, dt: 3.612E+05  2.150E+03  (years)
Time, dt: 3.634E+05  2.150E+03  (years)
Time, dt: 3.655E+05  2.150E+03  (years)
Time, dt: 3.676E+05  2.150E+03  (years)
Time, dt: 3.698E+05  2.150E+03  (years)
Time, dt: 3.720E+05  2.150E+03  (years)
Time, dt: 3.741E+05  2.150E+03  (years)
Time, dt: 3.762E+05  2.150E+03  (years)
Time, dt: 3.784E+05  2.150E+03  (years)
Time, dt: 3.806E+05  2.150E+03  (years)
Time, dt: 3.827E+05  2.150E+03  (years)
Time, dt: 3.848E+05  2.150E+03  (years)
Time, dt: 3.870E+05  2.150E+03  (years)
Time, dt: 3.892E+05  2.150E+03  (years)
Time, dt: 3.913E+05  2.150E+03  (years)
Time, dt: 3.934E+05  2.150E+03  (years)
Time, dt: 3.956E+05  2.150E+03  (years)
Time, dt: 3.978E+05  2.150E+03  (years)
Time, dt: 3.999E+05  2.150E+03  (years)
Time, dt: 4.020E+05  2.150E+03  (years)
Time, dt: 4.042E+05  2.150E+03  (years)
Time, dt: 4.064E+05  2.150E+03  (years)
Time, dt: 4.085E+05  2.150E+03  (years)
Time, dt: 4.106E+05  2.150E+03  (years)
Time, dt: 4.128E+05  2.150E+03  (years)
Time, dt: 4.150E+05  2.150E+03  (years)
Time, dt: 4.171E+05  2.150E+03  (years)
Time, dt: 4.192E+05  2.150E+03  (years)
Time, dt: 4.214E+05  2.150E+03  (years)
Time, dt: 4.236E+05  2.150E+03  (years)
Time, dt: 4.257E+05  2.150E+03  (years)
Time, dt: 4.278E+05  2.150E+03  (years)
Time, dt: 4.300E+05  2.150E+03  (years)
Time, dt: 4.322E+05  2.150E+03  (years)
Time, dt: 4.343E+05  2.150E+03  (years)
Time, dt: 4.364E+05  2.150E+03  (years)
Time, dt: 4.386E+05  2.150E+03  (years)
Time, dt: 4.408E+05  2.150E+03  (years)
Time, dt: 4.429E+05  2.150E+03  (years)
Time, dt: 4.450E+05  2.150E+03  (years)
Time, dt: 4.472E+05  2.150E+03  (years)
Time, dt: 4.494E+05  2.150E+03  (years)
Time, dt: 4.515E+05  2.150E+03  (years)
Time, dt: 4.536E+05  2.150E+03  (years)
Time, dt: 4.558E+05  2.150E+03  (years)
Time, dt: 4.580E+05  2.150E+03  (years)
Time, dt: 4.601E+05  2.150E+03  (years)
Time, dt: 4.622E+05  2.150E+03  (years)
Time, dt: 4.644E+05  2.150E+03  (years)
Time, dt: 4.666E+05  2.150E+03  (years)
Time, dt: 4.687E+05  2.150E+03  (years)
Time, dt: 4.708E+05  2.150E+03  (years)
Time, dt: 4.730E+05  2.150E+03  (years)
Time, dt: 4.752E+05  2.150E+03  (years)
Time, dt: 4.773E+05  2.150E+03  (years)
Time, dt: 4.794E+05  2.150E+03  (years)
Time, dt: 4.816E+05  2.150E+03  (years)
Time, dt: 4.838E+05  2.150E+03  (years)
Time, dt: 4.859E+05  2.150E+03  (years)
Time, dt: 4.880E+05  2.150E+03  (years)
Time, dt: 4.902E+05  2.150E+03  (years)
Time, dt: 4.924E+05  2.150E+03  (years)
Time, dt: 4.945E+05  2.150E+03  (years)
Time, dt: 4.966E+05  2.150E+03  (years)
Time, dt: 4.988E+05  2.150E+03  (years)
Time, dt: 5.010E+05  2.150E+03  (years)
Time, dt: 5.031E+05  2.150E+03  (years)
Time, dt: 5.052E+05  2.150E+03  (years)
Time, dt: 5.074E+05  2.150E+03  (years)
Time, dt: 5.096E+05  2.150E+03  (years)
Time, dt: 5.117E+05  2.150E+03  (years)
Time, dt: 5.138E+05  2.150E+03  (years)
Time, dt: 5.160E+05  2.150E+03  (years)
Time, dt: 5.182E+05  2.150E+03  (years)
Time, dt: 5.203E+05  2.150E+03  (years)
Time, dt: 5.224E+05  2.150E+03  (years)
Time, dt: 5.246E+05  2.150E+03  (years)
Time, dt: 5.268E+05  2.150E+03  (years)
Time, dt: 5.289E+05  2.150E+03  (years)
Time, dt: 5.310E+05  2.150E+03  (years)
Time, dt: 5.332E+05  2.150E+03  (years)
Time, dt: 5.354E+05  2.150E+03  (years)
Time, dt: 5.375E+05  2.150E+03  (years)
Time, dt: 5.396E+05  2.150E+03  (years)
Time, dt: 5.418E+05  2.150E+03  (years)
Time, dt: 5.440E+05  2.150E+03  (years)
Time, dt: 5.461E+05  2.150E+03  (years)
Time, dt: 5.482E+05  2.150E+03  (years)
Time, dt: 5.504E+05  2.150E+03  (years)
Time, dt: 5.526E+05  2.150E+03  (years)
Time, dt: 5.547E+05  2.150E+03  (years)
Time, dt: 5.568E+05  2.150E+03  (years)
Time, dt: 5.590E+05  2.150E+03  (years)
Time, dt: 5.612E+05  2.150E+03  (years)
Time, dt: 5.633E+05  2.150E+03  (years)
Time, dt: 5.654E+05  2.150E+03  (years)
Time, dt: 5.676E+05  2.150E+03  (years)
Time, dt: 5.698E+05  2.150E+03  (years)
Time, dt: 5.719E+05  2.150E+03  (years)
Time, dt: 5.740E+05  2.150E+03  (years)
Time, dt: 5.762E+05  2.150E+03  (years)
Time, dt: 5.784E+05  2.150E+03  (years)
Time, dt: 5.805E+05  2.150E+03  (years)
Time, dt: 5.826E+05  2.150E+03  (years)
Time, dt: 5.848E+05  2.150E+03  (years)
Time, dt: 5.870E+05  2.150E+03  (years)
Time, dt: 5.891E+05  2.150E+03  (years)
Time, dt: 5.912E+05  2.150E+03  (years)
Time, dt: 5.934E+05  2.150E+03  (years)
Time, dt: 5.956E+05  2.150E+03  (years)
Time, dt: 5.977E+05  2.150E+03  (years)
Time, dt: 5.998E+05  2.150E+03  (years)
Time, dt: 6.020E+05  2.150E+03  (years)
Time, dt: 6.042E+05  2.150E+03  (years)
Time, dt: 6.063E+05  2.150E+03  (years)
Time, dt: 6.084E+05  2.150E+03  (years)
Time, dt: 6.106E+05  2.150E+03  (years)
Time, dt: 6.128E+05  2.150E+03  (years)
Time, dt: 6.149E+05  2.150E+03  (years)
Time, dt: 6.170E+05  2.150E+03  (years)
Time, dt: 6.192E+05  2.150E+03  (years)
Time, dt: 6.214E+05  2.150E+03  (years)
Time, dt: 6.235E+05  2.150E+03  (years)
Time, dt: 6.256E+05  2.150E+03  (years)
Time, dt: 6.278E+05  2.150E+03  (years)
Time, dt: 6.300E+05  2.150E+03  (years)
Time, dt: 6.321E+05  2.150E+03  (years)
Time, dt: 6.342E+05  2.150E+03  (years)
Time, dt: 6.364E+05  2.150E+03  (years)
Time, dt: 6.386E+05  2.150E+03  (years)
Time, dt: 6.407E+05  2.150E+03  (years)
Time, dt: 6.428E+05  2.150E+03  (years)
Time, dt: 6.450E+05  2.150E+03  (years)
Time, dt: 6.472E+05  2.150E+03  (years)
Time, dt: 6.493E+05  2.150E+03  (years)
Time, dt: 6.514E+05  2.150E+03  (years)
Time, dt: 6.536E+05  2.150E+03  (years)
Time, dt: 6.558E+05  2.150E+03  (years)
Time, dt: 6.579E+05  2.150E+03  (years)
Time, dt: 6.600E+05  2.150E+03  (years)
Time, dt: 6.622E+05  2.150E+03  (years)
Time, dt: 6.644E+05  2.150E+03  (years)
Time, dt: 6.665E+05  2.150E+03  (years)
Time, dt: 6.686E+05  2.150E+03  (years)
Time, dt: 6.708E+05  2.150E+03  (years)
Time, dt: 6.730E+05  2.150E+03  (years)
Time, dt: 6.751E+05  2.150E+03  (years)
Time, dt: 6.772E+05  2.150E+03  (years)
Time, dt: 6.794E+05  2.150E+03  (years)
Time, dt: 6.816E+05  2.150E+03  (years)
Time, dt: 6.837E+05  2.150E+03  (years)
Time, dt: 6.858E+05  2.150E+03  (years)
Time, dt: 6.880E+05  2.150E+03  (years)
Time, dt: 6.902E+05  2.150E+03  (years)
Time, dt: 6.923E+05  2.150E+03  (years)
Time, dt: 6.944E+05  2.150E+03  (years)
Time, dt: 6.966E+05  2.150E+03  (years)
Time, dt: 6.988E+05  2.150E+03  (years)
Time, dt: 7.009E+05  2.150E+03  (years)
Time, dt: 7.030E+05  2.150E+03  (years)
Time, dt: 7.052E+05  2.150E+03  (years)
Time, dt: 7.074E+05  2.150E+03  (years)
Time, dt: 7.095E+05  2.150E+03  (years)
Time, dt: 7.116E+05  2.150E+03  (years)
Time, dt: 7.138E+05  2.150E+03  (years)
Time, dt: 7.160E+05  2.150E+03  (years)
Time, dt: 7.181E+05  2.150E+03  (years)
Time, dt: 7.202E+05  2.150E+03  (years)
Time, dt: 7.224E+05  2.150E+03  (years)
Time, dt: 7.246E+05  2.150E+03  (years)
Time, dt: 7.267E+05  2.150E+03  (years)
Time, dt: 7.288E+05  2.150E+03  (years)
Time, dt: 7.310E+05  2.150E+03  (years)
Time, dt: 7.332E+05  2.150E+03  (years)
Time, dt: 7.353E+05  2.150E+03  (years)
Time, dt: 7.374E+05  2.150E+03  (years)
Time, dt: 7.396E+05  2.150E+03  (years)
Time, dt: 7.418E+05  2.150E+03  (years)
Time, dt: 7.439E+05  2.150E+03  (years)
Time, dt: 7.460E+05  2.150E+03  (years)
Time, dt: 7.482E+05  2.150E+03  (years)
Time, dt: 7.504E+05  2.150E+03  (years)
Time, dt: 7.525E+05  2.150E+03  (years)
Time, dt: 7.546E+05  2.150E+03  (years)
Time, dt: 7.568E+05  2.150E+03  (years)
Time, dt: 7.590E+05  2.150E+03  (years)
Time, dt: 7.611E+05  2.150E+03  (years)
Time, dt: 7.632E+05  2.150E+03  (years)
Time, dt: 7.654E+05  2.150E+03  (years)
Time, dt: 7.676E+05  2.150E+03  (years)
Time, dt: 7.697E+05  2.150E+03  (years)
Time, dt: 7.718E+05  2.150E+03  (years)
Time, dt: 7.740E+05  2.150E+03  (years)
Time, dt: 7.762E+05  2.150E+03  (years)
Time, dt: 7.783E+05  2.150E+03  (years)
Time, dt: 7.804E+05  2.150E+03  (years)
Time, dt: 7.826E+05  2.150E+03  (years)
Time, dt: 7.848E+05  2.150E+03  (years)
Time, dt: 7.869E+05  2.150E+03  (years)
Time, dt: 7.890E+05  2.150E+03  (years)
Time, dt: 7.912E+05  2.150E+03  (years)
Time, dt: 7.934E+05  2.150E+03  (years)
Time, dt: 7.955E+05  2.150E+03  (years)
Time, dt: 7.976E+05  2.150E+03  (years)
Time, dt: 7.998E+05  2.150E+03  (years)
Time, dt: 8.020E+05  2.150E+03  (years)
Time, dt: 8.041E+05  2.150E+03  (years)
Time, dt: 8.062E+05  2.150E+03  (years)
Time, dt: 8.084E+05  2.150E+03  (years)
Time, dt: 8.106E+05  2.150E+03  (years)
Time, dt: 8.127E+05  2.150E+03  (years)
Time, dt: 8.148E+05  2.150E+03  (years)
Time, dt: 8.170E+05  2.150E+03  (years)
Time, dt: 8.192E+05  2.150E+03  (years)
Time, dt: 8.213E+05  2.150E+03  (years)
Time, dt: 8.234E+05  2.150E+03  (years)
Time, dt: 8.256E+05  2.150E+03  (years)
Time, dt: 8.278E+05  2.150E+03  (years)
Time, dt: 8.299E+05  2.150E+03  (years)
Time, dt: 8.320E+05  2.150E+03  (years)
Time, dt: 8.342E+05  2.150E+03  (years)
Time, dt: 8.364E+05  2.150E+03  (years)
Time, dt: 8.385E+05  2.150E+03  (years)
Time, dt: 8.406E+05  2.150E+03  (years)
Time, dt: 8.428E+05  2.150E+03  (years)
Time, dt: 8.450E+05  2.150E+03  (years)
Time, dt: 8.471E+05  2.150E+03  (years)
Time, dt: 8.492E+05  2.150E+03  (years)
Time, dt: 8.514E+05  2.150E+03  (years)
Time, dt: 8.536E+05  2.150E+03  (years)
Time, dt: 8.557E+05  2.150E+03  (years)
Time, dt: 8.578E+05  2.150E+03  (years)
Time, dt: 8.600E+05  2.150E+03  (years)
Time, dt: 8.622E+05  2.150E+03  (years)
Time, dt: 8.643E+05  2.150E+03  (years)
Time, dt: 8.664E+05  2.150E+03  (years)
Time, dt: 8.686E+05  2.150E+03  (years)
Time, dt: 8.708E+05  2.150E+03  (years)
Time, dt: 8.729E+05  2.150E+03  (years)
Time, dt: 8.750E+05  2.150E+03  (years)
Time, dt: 8.772E+05  2.150E+03  (years)
Time, dt: 8.794E+05  2.150E+03  (years)
Time, dt: 8.815E+05  2.150E+03  (years)
Time, dt: 8.836E+05  2.150E+03  (years)
Time, dt: 8.858E+05  2.150E+03  (years)
Time, dt: 8.880E+05  2.150E+03  (years)
Time, dt: 8.901E+05  2.150E+03  (years)
Time, dt: 8.922E+05  2.150E+03  (years)
Time, dt: 8.944E+05  2.150E+03  (years)
Time, dt: 8.966E+05  2.150E+03  (years)
Time, dt: 8.987E+05  2.150E+03  (years)
Time, dt: 9.008E+05  2.150E+03  (years)
Time, dt: 9.030E+05  2.150E+03  (years)
Time, dt: 9.052E+05  2.150E+03  (years)
Time, dt: 9.073E+05  2.150E+03  (years)
Time, dt: 9.094E+05  2.150E+03  (years)
Time, dt: 9.116E+05  2.150E+03  (years)
Time, dt: 9.138E+05  2.150E+03  (years)
Time, dt: 9.159E+05  2.150E+03  (years)
Time, dt: 9.180E+05  2.150E+03  (years)
Time, dt: 9.202E+05  2.150E+03  (years)
Time, dt: 9.224E+05  2.150E+03  (years)
Time, dt: 9.245E+05  2.150E+03  (years)
Time, dt: 9.266E+05  2.150E+03  (years)
Time, dt: 9.288E+05  2.150E+03  (years)
Time, dt: 9.310E+05  2.150E+03  (years)
Time, dt: 9.331E+05  2.150E+03  (years)
Time, dt: 9.352E+05  2.150E+03  (years)
Time, dt: 9.374E+05  2.150E+03  (years)
Time, dt: 9.396E+05  2.150E+03  (years)
Time, dt: 9.417E+05  2.150E+03  (years)
Time, dt: 9.438E+05  2.150E+03  (years)
Time, dt: 9.460E+05  2.150E+03  (years)
Time, dt: 9.482E+05  2.150E+03  (years)
Time, dt: 9.503E+05  2.150E+03  (years)
Time, dt: 9.524E+05  2.150E+03  (years)
Time, dt: 9.546E+05  2.150E+03  (years)
Time, dt: 9.568E+05  2.150E+03  (years)
Time, dt: 9.589E+05  2.150E+03  (years)
Time, dt: 9.610E+05  2.150E+03  (years)
Time, dt: 9.632E+05  2.150E+03  (years)
Time, dt: 9.654E+05  2.150E+03  (years)
Time, dt: 9.675E+05  2.150E+03  (years)
Time, dt: 9.696E+05  2.150E+03  (years)
Time, dt: 9.718E+05  2.150E+03  (years)
Time, dt: 9.740E+05  2.150E+03  (years)
Time, dt: 9.761E+05  2.150E+03  (years)
Time, dt: 9.782E+05  2.150E+03  (years)
Time, dt: 9.804E+05  2.150E+03  (years)
Time, dt: 9.826E+05  2.150E+03  (years)
Time, dt: 9.847E+05  2.150E+03  (years)
Time, dt: 9.868E+05  2.150E+03  (years)
Time, dt: 9.890E+05  2.150E+03  (years)
Time, dt: 9.912E+05  2.150E+03  (years)
Time, dt: 9.933E+05  2.150E+03  (years)
Time, dt: 9.954E+05  2.150E+03  (years)
Time, dt: 9.976E+05  2.150E+03  (years)
Time, dt: 9.998E+05  2.150E+03  (years)
Time, dt: 1.002E+06  2.150E+03  (years)
Time, dt: 1.004E+06  2.150E+03  (years)
Time, dt: 1.006E+06  2.150E+03  (years)
Time, dt: 1.008E+06  2.150E+03  (years)
Time, dt: 1.010E+06  2.150E+03  (years)
Time, dt: 1.013E+06  2.150E+03  (years)
Time, dt: 1.015E+06  2.150E+03  (years)
Time, dt: 1.017E+06  2.150E+03  (years)
Time, dt: 1.019E+06  2.150E+03  (years)
Time, dt: 1.021E+06  2.150E+03  (years)
Time, dt: 1.023E+06  2.150E+03  (years)
Time, dt: 1.026E+06  2.150E+03  (years)
Time, dt: 1.028E+06  2.150E+03  (years)
Time, dt: 1.030E+06  2.150E+03  (years)
Time, dt: 1.032E+06  2.150E+03  (years)
Time, dt: 1.034E+06  2.150E+03  (years)
Time, dt: 1.036E+06  2.150E+03  (years)
Time, dt: 1.038E+06  2.150E+03  (years)
Time, dt: 1.041E+06  2.150E+03  (years)
Time, dt: 1.043E+06  2.150E+03  (years)
Time, dt: 1.045E+06  2.150E+03  (years)
Time, dt: 1.047E+06  2.150E+03  (years)
Time, dt: 1.049E+06  2.150E+03  (years)
Time, dt: 1.051E+06  2.150E+03  (years)
Time, dt: 1.054E+06  2.150E+03  (years)
Time, dt: 1.056E+06  2.150E+03  (years)
Time, dt: 1.058E+06  2.150E+03  (years)
Time, dt: 1.060E+06  2.150E+03  (years)
Time, dt: 1.062E+06  2.150E+03  (years)
Time, dt: 1.064E+06  2.150E+03  (years)
Time, dt: 1.066E+06  2.150E+03  (years)
Time, dt: 1.069E+06  2.150E+03  (years)
Time, dt: 1.071E+06  2.150E+03  (years)
Time, dt: 1.073E+06  2.150E+03  (years)
Time, dt: 1.075E+06  2.150E+03  (years)
Time, dt: 1.077E+06  2.150E+03  (years)
Time, dt: 1.079E+06  2.150E+03  (years)
Time, dt: 1.081E+06  2.150E+03  (years)
Time, dt: 1.084E+06  2.150E+03  (years)
Time, dt: 1.086E+06  2.150E+03  (years)
Time, dt: 1.088E+06  2.150E+03  (years)
Time, dt: 1.090E+06  2.150E+03  (years)
Time, dt: 1.092E+06  2.150E+03  (years)
Time, dt: 1.094E+06  2.150E+03  (years)
Time, dt: 1.096E+06  2.150E+03  (years)
Time, dt: 1.099E+06  2.150E+03  (years)
Time, dt: 1.101E+06  2.150E+03  (years)
Time, dt: 1.103E+06  2.150E+03  (years)
Time, dt: 1.105E+06  2.150E+03  (years)
Time, dt: 1.107E+06  2.150E+03  (years)
Time, dt: 1.109E+06  2.150E+03  (years)
Time, dt: 1.112E+06  2.150E+03  (years)
Time, dt: 1.114E+06  2.150E+03  (years)
Time, dt: 1.116E+06  2.150E+03  (years)
Time, dt: 1.118E+06  2.150E+03  (years)
Time, dt: 1.120E+06  2.150E+03  (years)
Time, dt: 1.122E+06  2.150E+03  (years)
Time, dt: 1.124E+06  2.150E+03  (years)
Time, dt: 1.127E+06  2.150E+03  (years)
Time, dt: 1.129E+06  2.150E+03  (years)
Time, dt: 1.131E+06  2.150E+03  (years)
Time, dt: 1.133E+06  2.150E+03  (years)
Time, dt: 1.135E+06  2.150E+03  (years)
Time, dt: 1.137E+06  2.150E+03  (years)
Time, dt: 1.140E+06  2.150E+03  (years)
Time, dt: 1.142E+06  2.150E+03  (years)
Time, dt: 1.144E+06  2.150E+03  (years)
Time, dt: 1.146E+06  2.150E+03  (years)
Time, dt: 1.148E+06  2.150E+03  (years)
Time, dt: 1.150E+06  2.150E+03  (years)
Time, dt: 1.152E+06  2.150E+03  (years)
Time, dt: 1.155E+06  2.150E+03  (years)
Time, dt: 1.157E+06  2.150E+03  (years)
Time, dt: 1.159E+06  2.150E+03  (years)
Time, dt: 1.161E+06  2.150E+03  (years)
Time, dt: 1.163E+06  2.150E+03  (years)
Time, dt: 1.165E+06  2.150E+03  (years)
Time, dt: 1.167E+06  2.150E+03  (years)
Time, dt: 1.170E+06  2.150E+03  (years)
Time, dt: 1.172E+06  2.150E+03  (years)
Time, dt: 1.174E+06  2.150E+03  (years)
Time, dt: 1.176E+06  2.150E+03  (years)
Time, dt: 1.178E+06  2.150E+03  (years)
Time, dt: 1.180E+06  2.150E+03  (years)
Time, dt: 1.182E+06  2.150E+03  (years)
Time, dt: 1.185E+06  2.150E+03  (years)
Time, dt: 1.187E+06  2.150E+03  (years)
Time, dt: 1.189E+06  2.150E+03  (years)
Time, dt: 1.191E+06  2.150E+03  (years)
Time, dt: 1.193E+06  2.150E+03  (years)
Time, dt: 1.195E+06  2.150E+03  (years)
Time, dt: 1.198E+06  2.150E+03  (years)
Time, dt: 1.200E+06  2.150E+03  (years)
Time, dt: 1.202E+06  2.150E+03  (years)
Time, dt: 1.204E+06  2.150E+03  (years)
Time, dt: 1.206E+06  2.150E+03  (years)
Time, dt: 1.208E+06  2.150E+03  (years)
Time, dt: 1.210E+06  2.150E+03  (years)
Time, dt: 1.213E+06  2.150E+03  (years)
Time, dt: 1.215E+06  2.150E+03  (years)
Time, dt: 1.217E+06  2.150E+03  (years)
Time, dt: 1.219E+06  2.150E+03  (years)
Time, dt: 1.221E+06  2.150E+03  (years)
Time, dt: 1.223E+06  2.150E+03  (years)
Time, dt: 1.226E+06  2.150E+03  (years)
Time, dt: 1.228E+06  2.150E+03  (years)
Time, dt: 1.230E+06  2.150E+03  (years)
Time, dt: 1.232E+06  2.150E+03  (years)
Time, dt: 1.234E+06  2.150E+03  (years)
Time, dt: 1.236E+06  2.150E+03  (years)
Time, dt: 1.238E+06  2.150E+03  (years)
Time, dt: 1.241E+06  2.150E+03  (years)
Time, dt: 1.243E+06  2.150E+03  (years)
Time, dt: 1.245E+06  2.150E+03  (years)
Time, dt: 1.247E+06  2.150E+03  (years)
Time, dt: 1.249E+06  2.150E+03  (years)
Time, dt: 1.251E+06  2.150E+03  (years)
Time, dt: 1.253E+06  2.150E+03  (years)
Time, dt: 1.256E+06  2.150E+03  (years)
Time, dt: 1.258E+06  2.150E+03  (years)
Time, dt: 1.260E+06  2.150E+03  (years)
Time, dt: 1.262E+06  2.150E+03  (years)
Time, dt: 1.264E+06  2.150E+03  (years)
Time, dt: 1.266E+06  2.150E+03  (years)
Time, dt: 1.268E+06  2.150E+03  (years)
Time, dt: 1.271E+06  2.150E+03  (years)
Time, dt: 1.273E+06  2.150E+03  (years)
Time, dt: 1.275E+06  2.150E+03  (years)
Time, dt: 1.277E+06  2.150E+03  (years)
Time, dt: 1.279E+06  2.150E+03  (years)
Time, dt: 1.281E+06  2.150E+03  (years)
Time, dt: 1.284E+06  2.150E+03  (years)
Time, dt: 1.286E+06  2.150E+03  (years)
Time, dt: 1.288E+06  2.150E+03  (years)
Time, dt: 1.290E+06  2.150E+03  (years)
Time, dt: 1.292E+06  2.150E+03  (years)
Time, dt: 1.294E+06  2.150E+03  (years)
Time, dt: 1.296E+06  2.150E+03  (years)
Time, dt: 1.299E+06  2.150E+03  (years)
Time, dt: 1.301E+06  2.150E+03  (years)
Time, dt: 1.303E+06  2.150E+03  (years)
Time, dt: 1.305E+06  2.150E+03  (years)
Time, dt: 1.307E+06  2.150E+03  (years)
Time, dt: 1.309E+06  2.150E+03  (years)
Time, dt: 1.312E+06  2.150E+03  (years)
Time, dt: 1.314E+06  2.150E+03  (years)
Time, dt: 1.316E+06  2.150E+03  (years)
Time, dt: 1.318E+06  2.150E+03  (years)
Time, dt: 1.320E+06  2.150E+03  (years)
Time, dt: 1.322E+06  2.150E+03  (years)
Time, dt: 1.324E+06  2.150E+03  (years)
Time, dt: 1.327E+06  2.150E+03  (years)
Time, dt: 1.329E+06  2.150E+03  (years)
Time, dt: 1.331E+06  2.150E+03  (years)
Time, dt: 1.333E+06  2.150E+03  (years)
Time, dt: 1.335E+06  2.150E+03  (years)
Time, dt: 1.337E+06  2.150E+03  (years)
Time, dt: 1.339E+06  2.150E+03  (years)
Time, dt: 1.342E+06  2.150E+03  (years)
Time, dt: 1.344E+06  2.150E+03  (years)
Time, dt: 1.346E+06  2.150E+03  (years)
Time, dt: 1.348E+06  2.150E+03  (years)
Time, dt: 1.350E+06  2.150E+03  (years)
Time, dt: 1.352E+06  2.150E+03  (years)
Time, dt: 1.354E+06  2.150E+03  (years)
Time, dt: 1.357E+06  2.150E+03  (years)
Time, dt: 1.359E+06  2.150E+03  (years)
Time, dt: 1.361E+06  2.150E+03  (years)
Time, dt: 1.363E+06  2.150E+03  (years)
Time, dt: 1.365E+06  2.150E+03  (years)
Time, dt: 1.367E+06  2.150E+03  (years)
Time, dt: 1.370E+06  2.150E+03  (years)
Time, dt: 1.372E+06  2.150E+03  (years)
Time, dt: 1.374E+06  2.150E+03  (years)
Time, dt: 1.376E+06  2.150E+03  (years)
Time, dt: 1.378E+06  2.150E+03  (years)
Time, dt: 1.380E+06  2.150E+03  (years)
Time, dt: 1.382E+06  2.150E+03  (years)
Time, dt: 1.385E+06  2.150E+03  (years)
Time, dt: 1.387E+06  2.150E+03  (years)
Time, dt: 1.389E+06  2.150E+03  (years)
Time, dt: 1.391E+06  2.150E+03  (years)
Time, dt: 1.393E+06  2.150E+03  (years)
Time, dt: 1.395E+06  2.150E+03  (years)
Time, dt: 1.398E+06  2.150E+03  (years)
Time, dt: 1.400E+06  2.150E+03  (years)
Time, dt: 1.402E+06  2.150E+03  (years)
Time, dt: 1.404E+06  2.150E+03  (years)
Time, dt: 1.406E+06  2.150E+03  (years)
Time, dt: 1.408E+06  2.150E+03  (years)
Time, dt: 1.410E+06  2.150E+03  (years)
Time, dt: 1.413E+06  2.150E+03  (years)
Time, dt: 1.415E+06  2.150E+03  (years)
Time, dt: 1.417E+06  2.150E+03  (years)
Time, dt: 1.419E+06  2.150E+03  (years)
Time, dt: 1.421E+06  2.150E+03  (years)
Time, dt: 1.423E+06  2.150E+03  (years)
Time, dt: 1.425E+06  2.150E+03  (years)
Time, dt: 1.428E+06  2.150E+03  (years)
Time, dt: 1.430E+06  2.150E+03  (years)
Time, dt: 1.432E+06  2.150E+03  (years)
Time, dt: 1.434E+06  2.150E+03  (years)
Time, dt: 1.436E+06  2.150E+03  (years)
Time, dt: 1.438E+06  2.150E+03  (years)
Time, dt: 1.440E+06  2.150E+03  (years)
Time, dt: 1.443E+06  2.150E+03  (years)
Time, dt: 1.445E+06  2.150E+03  (years)
Time, dt: 1.447E+06  2.150E+03  (years)
Time, dt: 1.449E+06  2.150E+03  (years)
Time, dt: 1.451E+06  2.150E+03  (years)
Time, dt: 1.453E+06  2.150E+03  (years)
Time, dt: 1.456E+06  2.150E+03  (years)
Time, dt: 1.458E+06  2.150E+03  (years)
Time, dt: 1.460E+06  2.150E+03  (years)
Time, dt: 1.462E+06  2.150E+03  (years)
Time, dt: 1.464E+06  2.150E+03  (years)
Time, dt: 1.466E+06  2.150E+03  (years)
Time, dt: 1.468E+06  2.150E+03  (years)
Time, dt: 1.471E+06  2.150E+03  (years)
Time, dt: 1.473E+06  2.150E+03  (years)
Time, dt: 1.475E+06  2.150E+03  (years)
Time, dt: 1.477E+06  2.150E+03  (years)
Time, dt: 1.479E+06  2.150E+03  (years)
Time, dt: 1.481E+06  2.150E+03  (years)
Time, dt: 1.484E+06  2.150E+03  (years)
Time, dt: 1.486E+06  2.150E+03  (years)
Time, dt: 1.488E+06  2.150E+03  (years)
Time, dt: 1.490E+06  2.150E+03  (years)
Time, dt: 1.492E+06  2.150E+03  (years)
Time, dt: 1.494E+06  2.150E+03  (years)
Time, dt: 1.496E+06  2.150E+03  (years)
Time, dt: 1.499E+06  2.150E+03  (years)
Time, dt: 1.501E+06  2.150E+03  (years)
Time, dt: 1.503E+06  2.150E+03  (years)
Time, dt: 1.505E+06  2.150E+03  (years)
Time, dt: 1.507E+06  2.150E+03  (years)
Time, dt: 1.509E+06  2.150E+03  (years)
Time, dt: 1.511E+06  2.150E+03  (years)
Time, dt: 1.514E+06  2.150E+03  (years)
Time, dt: 1.516E+06  2.150E+03  (years)
Time, dt: 1.518E+06  2.150E+03  (years)
Time, dt: 1.520E+06  2.150E+03  (years)
Time, dt: 1.522E+06  2.150E+03  (years)
Time, dt: 1.524E+06  2.150E+03  (years)
Time, dt: 1.526E+06  2.150E+03  (years)
Time, dt: 1.529E+06  2.150E+03  (years)
Time, dt: 1.531E+06  2.150E+03  (years)
Time, dt: 1.533E+06  2.150E+03  (years)
Time, dt: 1.535E+06  2.150E+03  (years)
Time, dt: 1.537E+06  2.150E+03  (years)
Time, dt: 1.539E+06  2.150E+03  (years)
Time, dt: 1.542E+06  2.150E+03  (years)
Time, dt: 1.544E+06  2.150E+03  (years)
Time, dt: 1.546E+06  2.150E+03  (years)
Time, dt: 1.548E+06  2.150E+03  (years)
Time, dt: 1.550E+06  2.150E+03  (years)
Time, dt: 1.552E+06  2.150E+03  (years)
Time, dt: 1.554E+06  2.150E+03  (years)
Time, dt: 1.557E+06  2.150E+03  (years)
Time, dt: 1.559E+06  2.150E+03  (years)
Time, dt: 1.561E+06  2.150E+03  (years)
Time, dt: 1.563E+06  2.150E+03  (years)
Time, dt: 1.565E+06  2.150E+03  (years)
Time, dt: 1.567E+06  2.150E+03  (years)
Time, dt: 1.570E+06  2.150E+03  (years)
Time, dt: 1.572E+06  2.150E+03  (years)
Time, dt: 1.574E+06  2.150E+03  (years)
Time, dt: 1.576E+06  2.150E+03  (years)
Time, dt: 1.578E+06  2.150E+03  (years)
Time, dt: 1.580E+06  2.150E+03  (years)
Time, dt: 1.582E+06  2.150E+03  (years)
Time, dt: 1.585E+06  2.150E+03  (years)
Time, dt: 1.587E+06  2.150E+03  (years)
Time, dt: 1.589E+06  2.150E+03  (years)
Time, dt: 1.591E+06  2.150E+03  (years)
Time, dt: 1.593E+06  2.150E+03  (years)
Time, dt: 1.595E+06  2.150E+03  (years)
Time, dt: 1.597E+06  2.150E+03  (years)
Time, dt: 1.600E+06  2.150E+03  (years)
Time, dt: 1.602E+06  2.150E+03  (years)
Time, dt: 1.604E+06  2.150E+03  (years)
Time, dt: 1.606E+06  2.150E+03  (years)
Time, dt: 1.608E+06  2.150E+03  (years)
Time, dt: 1.610E+06  2.150E+03  (years)
Time, dt: 1.612E+06  2.150E+03  (years)
Time, dt: 1.615E+06  2.150E+03  (years)
Time, dt: 1.617E+06  2.150E+03  (years)
Time, dt: 1.619E+06  2.150E+03  (years)
Time, dt: 1.621E+06  2.150E+03  (years)
Time, dt: 1.623E+06  2.150E+03  (years)
Time, dt: 1.625E+06  2.150E+03  (years)
Time, dt: 1.628E+06  2.150E+03  (years)
Time, dt: 1.630E+06  2.150E+03  (years)
Time, dt: 1.632E+06  2.150E+03  (years)
Time, dt: 1.634E+06  2.150E+03  (years)
Time, dt: 1.636E+06  2.150E+03  (years)
Time, dt: 1.638E+06  2.150E+03  (years)
Time, dt: 1.640E+06  2.150E+03  (years)
Time, dt: 1.643E+06  2.150E+03  (years)
Time, dt: 1.645E+06  2.150E+03  (years)
Time, dt: 1.647E+06  2.150E+03  (years)
Time, dt: 1.649E+06  2.150E+03  (years)
Time, dt: 1.651E+06  2.150E+03  (years)
Time, dt: 1.653E+06  2.150E+03  (years)
Time, dt: 1.656E+06  2.150E+03  (years)
Time, dt: 1.658E+06  2.150E+03  (years)
Time, dt: 1.660E+06  2.150E+03  (years)
Time, dt: 1.662E+06  2.150E+03  (years)
Time, dt: 1.664E+06  2.150E+03  (years)
Time, dt: 1.666E+06  2.150E+03  (years)
Time, dt: 1.668E+06  2.150E+03  (years)
Time, dt: 1.671E+06  2.150E+03  (years)
Time, dt: 1.673E+06  2.150E+03  (years)
Time, dt: 1.675E+06  2.150E+03  (years)
Time, dt: 1.677E+06  2.150E+03  (years)
Time, dt: 1.679E+06  2.150E+03  (years)
Time, dt: 1.681E+06  2.150E+03  (years)
Time, dt: 1.683E+06  2.150E+03  (years)
Time, dt: 1.686E+06  2.150E+03  (years)
Time, dt: 1.688E+06  2.150E+03  (years)
Time, dt: 1.690E+06  2.150E+03  (years)
Time, dt: 1.692E+06  2.150E+03  (years)
Time, dt: 1.694E+06  2.150E+03  (years)
Time, dt: 1.696E+06  2.150E+03  (years)
Time, dt: 1.698E+06  2.150E+03  (years)
Time, dt: 1.701E+06  2.150E+03  (years)
Time, dt: 1.703E+06  2.150E+03  (years)
Time, dt: 1.705E+06  2.150E+03  (years)
Time, dt: 1.707E+06  2.150E+03  (years)
Time, dt: 1.709E+06  2.150E+03  (years)
Time, dt: 1.711E+06  2.150E+03  (years)
Time, dt: 1.714E+06  2.150E+03  (years)
Time, dt: 1.716E+06  2.150E+03  (years)
Time, dt: 1.718E+06  2.150E+03  (years)
Time, dt: 1.720E+06  2.150E+03  (years)
Time, dt: 1.722E+06  2.150E+03  (years)
Time, dt: 1.724E+06  2.150E+03  (years)
Time, dt: 1.726E+06  2.150E+03  (years)
Time, dt: 1.729E+06  2.150E+03  (years)
Time, dt: 1.731E+06  2.150E+03  (years)
Time, dt: 1.733E+06  2.150E+03  (years)
Time, dt: 1.735E+06  2.150E+03  (years)
Time, dt: 1.737E+06  2.150E+03  (years)
Time, dt: 1.739E+06  2.150E+03  (years)
Time, dt: 1.742E+06  2.150E+03  (years)
Time, dt: 1.744E+06  2.150E+03  (years)
Time, dt: 1.746E+06  2.150E+03  (years)
Time, dt: 1.748E+06  2.150E+03  (years)
Time, dt: 1.750E+06  2.150E+03  (years)
Time, dt: 1.752E+06  2.150E+03  (years)
Time, dt: 1.754E+06  2.150E+03  (years)
Time, dt: 1.757E+06  2.150E+03  (years)
Time, dt: 1.759E+06  2.150E+03  (years)
Time, dt: 1.761E+06  2.150E+03  (years)
Time, dt: 1.763E+06  2.150E+03  (years)
Time, dt: 1.765E+06  2.150E+03  (years)
Time, dt: 1.767E+06  2.150E+03  (years)
Time, dt: 1.769E+06  2.150E+03  (years)
Time, dt: 1.772E+06  2.150E+03  (years)
Time, dt: 1.774E+06  2.150E+03  (years)
Time, dt: 1.776E+06  2.150E+03  (years)
Time, dt: 1.778E+06  2.150E+03  (years)
Time, dt: 1.780E+06  2.150E+03  (years)
Time, dt: 1.782E+06  2.150E+03  (years)
Time, dt: 1.784E+06  2.150E+03  (years)
Time, dt: 1.787E+06  2.150E+03  (years)
Time, dt: 1.789E+06  2.150E+03  (years)
Time, dt: 1.791E+06  2.150E+03  (years)
Time, dt: 1.793E+06  2.150E+03  (years)
Time, dt: 1.795E+06  2.150E+03  (years)
Time, dt: 1.797E+06  2.150E+03  (years)
Time, dt: 1.800E+06  2.150E+03  (years)
Time, dt: 1.802E+06  2.150E+03  (years)
Time, dt: 1.804E+06  2.150E+03  (years)
Time, dt: 1.806E+06  2.150E+03  (years)
Time, dt: 1.808E+06  2.150E+03  (years)
Time, dt: 1.810E+06  2.150E+03  (years)
Time, dt: 1.812E+06  2.150E+03  (years)
Time, dt: 1.815E+06  2.150E+03  (years)
Time, dt: 1.817E+06  2.150E+03  (years)
Time, dt: 1.819E+06  2.150E+03  (years)
Time, dt: 1.821E+06  2.150E+03  (years)
Time, dt: 1.823E+06  2.150E+03  (years)
Time, dt: 1.825E+06  2.150E+03  (years)
Time, dt: 1.828E+06  2.150E+03  (years)
Time, dt: 1.830E+06  2.150E+03  (years)
Time, dt: 1.832E+06  2.150E+03  (years)
Time, dt: 1.834E+06  2.150E+03  (years)
Time, dt: 1.836E+06  2.150E+03  (years)
Time, dt: 1.838E+06  2.150E+03  (years)
Time, dt: 1.840E+06  2.150E+03  (years)
Time, dt: 1.843E+06  2.150E+03  (years)
Time, dt: 1.845E+06  2.150E+03  (years)
Time, dt: 1.847E+06  2.150E+03  (years)
Time, dt: 1.849E+06  2.150E+03  (years)
Time, dt: 1.851E+06  2.150E+03  (years)
Time, dt: 1.853E+06  2.150E+03  (years)
Time, dt: 1.855E+06  2.150E+03  (years)
Time, dt: 1.858E+06  2.150E+03  (years)
Time, dt: 1.860E+06  2.150E+03  (years)
Time, dt: 1.862E+06  2.150E+03  (years)
Time, dt: 1.864E+06  2.150E+03  (years)
Time, dt: 1.866E+06  2.150E+03  (years)
Time, dt: 1.868E+06  2.150E+03  (years)
Time, dt: 1.870E+06  2.150E+03  (years)
Time, dt: 1.873E+06  2.150E+03  (years)
Time, dt: 1.875E+06  2.150E+03  (years)
Time, dt: 1.877E+06  2.150E+03  (years)
Time, dt: 1.879E+06  2.150E+03  (years)
Time, dt: 1.881E+06  2.150E+03  (years)
Time, dt: 1.883E+06  2.150E+03  (years)
Time, dt: 1.886E+06  2.150E+03  (years)
Time, dt: 1.888E+06  2.150E+03  (years)
Time, dt: 1.890E+06  2.150E+03  (years)
Time, dt: 1.892E+06  2.150E+03  (years)
Time, dt: 1.894E+06  2.150E+03  (years)
Time, dt: 1.896E+06  2.150E+03  (years)
Time, dt: 1.898E+06  2.150E+03  (years)
Time, dt: 1.901E+06  2.150E+03  (years)
Time, dt: 1.903E+06  2.150E+03  (years)
Time, dt: 1.905E+06  2.150E+03  (years)
Time, dt: 1.907E+06  2.150E+03  (years)
Time, dt: 1.909E+06  2.150E+03  (years)
Time, dt: 1.911E+06  2.150E+03  (years)
Time, dt: 1.914E+06  2.150E+03  (years)
Time, dt: 1.916E+06  2.150E+03  (years)
Time, dt: 1.918E+06  2.150E+03  (years)
Time, dt: 1.920E+06  2.150E+03  (years)
Time, dt: 1.922E+06  2.150E+03  (years)
Time, dt: 1.924E+06  2.150E+03  (years)
Time, dt: 1.926E+06  2.150E+03  (years)
Time, dt: 1.929E+06  2.150E+03  (years)
Time, dt: 1.931E+06  2.150E+03  (years)
Time, dt: 1.933E+06  2.150E+03  (years)
Time, dt: 1.935E+06  2.150E+03  (years)
Time, dt: 1.937E+06  2.150E+03  (years)
Time, dt: 1.939E+06  2.150E+03  (years)
Time, dt: 1.941E+06  2.150E+03  (years)
Time, dt: 1.944E+06  2.150E+03  (years)
Time, dt: 1.946E+06  2.150E+03  (years)
Time, dt: 1.948E+06  2.150E+03  (years)
Time, dt: 1.950E+06  2.150E+03  (years)
Time, dt: 1.952E+06  2.150E+03  (years)
Time, dt: 1.954E+06  2.150E+03  (years)
Time, dt: 1.956E+06  2.150E+03  (years)
Time, dt: 1.959E+06  2.150E+03  (years)
Time, dt: 1.961E+06  2.150E+03  (years)
Time, dt: 1.963E+06  2.150E+03  (years)
Time, dt: 1.965E+06  2.150E+03  (years)
Time, dt: 1.967E+06  2.150E+03  (years)
Time, dt: 1.969E+06  2.150E+03  (years)
Time, dt: 1.972E+06  2.150E+03  (years)
Time, dt: 1.974E+06  2.150E+03  (years)
Time, dt: 1.976E+06  2.150E+03  (years)
Time, dt: 1.978E+06  2.150E+03  (years)
Time, dt: 1.980E+06  2.150E+03  (years)
Time, dt: 1.982E+06  2.150E+03  (years)
Time, dt: 1.984E+06  2.150E+03  (years)
Time, dt: 1.987E+06  2.150E+03  (years)
Time, dt: 1.989E+06  2.150E+03  (years)
Time, dt: 1.991E+06  2.150E+03  (years)
Time, dt: 1.993E+06  2.150E+03  (years)
Time, dt: 1.995E+06  2.150E+03  (years)
Time, dt: 1.997E+06  2.150E+03  (years)
Time, dt: 2.000E+06  2.150E+03  (years)
Time, dt: 2.002E+06  2.150E+03  (years)
Time, dt: 2.004E+06  2.150E+03  (years)
Time, dt: 2.006E+06  2.150E+03  (years)
Time, dt: 2.008E+06  2.150E+03  (years)
Time, dt: 2.010E+06  2.150E+03  (years)
Time, dt: 2.012E+06  2.150E+03  (years)
Time, dt: 2.015E+06  2.150E+03  (years)
Time, dt: 2.017E+06  2.150E+03  (years)
Time, dt: 2.019E+06  2.150E+03  (years)
Time, dt: 2.021E+06  2.150E+03  (years)
Time, dt: 2.023E+06  2.150E+03  (years)
Time, dt: 2.025E+06  2.150E+03  (years)
Time, dt: 2.027E+06  2.150E+03  (years)
Time, dt: 2.030E+06  2.150E+03  (years)
Time, dt: 2.032E+06  2.150E+03  (years)
Time, dt: 2.034E+06  2.150E+03  (years)
Time, dt: 2.036E+06  2.150E+03  (years)
Time, dt: 2.038E+06  2.150E+03  (years)
Time, dt: 2.040E+06  2.150E+03  (years)
Time, dt: 2.042E+06  2.150E+03  (years)
Time, dt: 2.045E+06  2.150E+03  (years)
Time, dt: 2.047E+06  2.150E+03  (years)
Time, dt: 2.049E+06  2.150E+03  (years)
Time, dt: 2.051E+06  2.150E+03  (years)
Time, dt: 2.053E+06  2.150E+03  (years)
Time, dt: 2.055E+06  2.150E+03  (years)
Time, dt: 2.058E+06  2.150E+03  (years)
Time, dt: 2.060E+06  2.150E+03  (years)
Time, dt: 2.062E+06  2.150E+03  (years)
Time, dt: 2.064E+06  2.150E+03  (years)
Time, dt: 2.066E+06  2.150E+03  (years)
Time, dt: 2.068E+06  2.150E+03  (years)
Time, dt: 2.070E+06  2.150E+03  (years)
Time, dt: 2.073E+06  2.150E+03  (years)
Time, dt: 2.075E+06  2.150E+03  (years)
Time, dt: 2.077E+06  2.150E+03  (years)
Time, dt: 2.079E+06  2.150E+03  (years)
Time, dt: 2.081E+06  2.150E+03  (years)
Time, dt: 2.083E+06  2.150E+03  (years)
Time, dt: 2.086E+06  2.150E+03  (years)
Time, dt: 2.088E+06  2.150E+03  (years)
Time, dt: 2.090E+06  2.150E+03  (years)
Time, dt: 2.092E+06  2.150E+03  (years)
Time, dt: 2.094E+06  2.150E+03  (years)
Time, dt: 2.096E+06  2.150E+03  (years)
Time, dt: 2.098E+06  2.150E+03  (years)
Time, dt: 2.101E+06  2.150E+03  (years)
Time, dt: 2.103E+06  2.150E+03  (years)
Time, dt: 2.105E+06  2.150E+03  (years)
Time, dt: 2.107E+06  2.150E+03  (years)
Time, dt: 2.109E+06  2.150E+03  (years)
Time, dt: 2.111E+06  2.150E+03  (years)
Time, dt: 2.113E+06  2.150E+03  (years)
Time, dt: 2.116E+06  2.150E+03  (years)
Time, dt: 2.118E+06  2.150E+03  (years)
Time, dt: 2.120E+06  2.150E+03  (years)
Time, dt: 2.122E+06  2.150E+03  (years)
Time, dt: 2.124E+06  2.150E+03  (years)
Time, dt: 2.126E+06  2.150E+03  (years)
Time, dt: 2.128E+06  2.150E+03  (years)
Time, dt: 2.131E+06  2.150E+03  (years)
Time, dt: 2.133E+06  2.150E+03  (years)
Time, dt: 2.135E+06  2.150E+03  (years)
Time, dt: 2.137E+06  2.150E+03  (years)
Time, dt: 2.139E+06  2.150E+03  (years)
Time, dt: 2.141E+06  2.150E+03  (years)
Time, dt: 2.144E+06  2.150E+03  (years)
Time, dt: 2.146E+06  2.150E+03  (years)
Time, dt: 2.148E+06  2.150E+03  (years)
Time, dt: 2.150E+06  2.150E+03  (years)
 CPU time:            0  hours           0  minutes   37.9201393      seconds.
 Wall clock time:            0  hours           0  minutes   38.0394745      seconds.
